<?xml version="1.0" encoding="UTF-8"?>
<testsuite name="com.may.seonhwa.web.PostsApiControllerTest" tests="2" skipped="0" failures="0" errors="0" timestamp="2020-06-12T00:56:39" hostname="DESKTOP-VBJOSMS" time="0.377">
  <properties/>
  <testcase name="Posts_등록된다" classname="com.may.seonhwa.web.PostsApiControllerTest" time="0.245"/>
  <testcase name="Posts_수정된다" classname="com.may.seonhwa.web.PostsApiControllerTest" time="0.131"/>
  <system-out><![CDATA[2020-06-12 09:56:39.038  INFO 19156 --- [    Test worker] .b.t.c.SpringBootTestContextBootstrapper : Neither @ContextConfiguration nor @ContextHierarchy found for test class [com.may.seonhwa.web.PostsApiControllerTest], using SpringBootContextLoader
2020-06-12 09:56:39.040  INFO 19156 --- [    Test worker] o.s.t.c.support.AbstractContextLoader    : Could not detect default resource locations for test class [com.may.seonhwa.web.PostsApiControllerTest]: no resource found for suffixes {-context.xml, Context.groovy}.
2020-06-12 09:56:39.040  INFO 19156 --- [    Test worker] t.c.s.AnnotationConfigContextLoaderUtils : Could not detect default configuration classes for test class [com.may.seonhwa.web.PostsApiControllerTest]: PostsApiControllerTest does not declare any static, non-private, non-final, nested classes annotated with @Configuration.
2020-06-12 09:56:39.043  INFO 19156 --- [    Test worker] .b.t.c.SpringBootTestContextBootstrapper : Found @SpringBootConfiguration com.may.seonhwa.Application for test class com.may.seonhwa.web.PostsApiControllerTest
2020-06-12 09:56:39.045  INFO 19156 --- [    Test worker] .b.t.c.SpringBootTestContextBootstrapper : Loaded default TestExecutionListener class names from location [META-INF/spring.factories]: [org.springframework.security.test.context.support.WithSecurityContextTestExecutionListener, org.springframework.security.test.context.support.ReactorContextTestExecutionListener, org.springframework.boot.test.autoconfigure.restdocs.RestDocsTestExecutionListener, org.springframework.boot.test.autoconfigure.web.client.MockRestServiceServerResetTestExecutionListener, org.springframework.boot.test.autoconfigure.web.servlet.MockMvcPrintOnlyOnFailureTestExecutionListener, org.springframework.boot.test.autoconfigure.web.servlet.WebDriverTestExecutionListener, org.springframework.boot.test.mock.mockito.MockitoTestExecutionListener, org.springframework.boot.test.mock.mockito.ResetMocksTestExecutionListener, org.springframework.test.context.web.ServletTestExecutionListener, org.springframework.test.context.support.DirtiesContextBeforeModesTestExecutionListener, org.springframework.test.context.support.DependencyInjectionTestExecutionListener, org.springframework.test.context.support.DirtiesContextTestExecutionListener, org.springframework.test.context.transaction.TransactionalTestExecutionListener, org.springframework.test.context.jdbc.SqlScriptsTestExecutionListener]
2020-06-12 09:56:39.047  INFO 19156 --- [    Test worker] .b.t.c.SpringBootTestContextBootstrapper : Using TestExecutionListeners: [org.springframework.test.context.web.ServletTestExecutionListener@4a50dd6b, org.springframework.test.context.support.DirtiesContextBeforeModesTestExecutionListener@7b338311, org.springframework.boot.test.mock.mockito.MockitoTestExecutionListener@782cdb4, org.springframework.boot.test.autoconfigure.SpringBootDependencyInjectionTestExecutionListener@4be5002d, org.springframework.test.context.support.DirtiesContextTestExecutionListener@79237bf, org.springframework.test.context.transaction.TransactionalTestExecutionListener@605e0757, org.springframework.test.context.jdbc.SqlScriptsTestExecutionListener@71208985, org.springframework.security.test.context.support.WithSecurityContextTestExecutionListener@12a71be4, org.springframework.security.test.context.support.ReactorContextTestExecutionListener@49ee9c0, org.springframework.boot.test.autoconfigure.restdocs.RestDocsTestExecutionListener@146a22bb, org.springframework.boot.test.autoconfigure.web.client.MockRestServiceServerResetTestExecutionListener@61f3ed12, org.springframework.boot.test.autoconfigure.web.servlet.MockMvcPrintOnlyOnFailureTestExecutionListener@4b21b2f3, org.springframework.boot.test.autoconfigure.web.servlet.WebDriverTestExecutionListener@388282be, org.springframework.boot.test.mock.mockito.ResetMocksTestExecutionListener@7db800ef]
2020-06-12 09:56:39.092  INFO 19156 --- [    Test worker] o.a.c.c.C.[Tomcat].[localhost].[/]       : Initializing Spring TestDispatcherServlet ''
2020-06-12 09:56:39.092  INFO 19156 --- [    Test worker] o.s.t.web.servlet.TestDispatcherServlet  : Initializing Servlet ''
2020-06-12 09:56:39.097  INFO 19156 --- [    Test worker] o.s.t.web.servlet.TestDispatcherServlet  : Completed initialization in 5 ms
Hibernate: insert into posts (create_date, modified_date, author, content, title) values (?, ?, ?, ?, ?)
Hibernate: select posts0_.id as id1_0_, posts0_.create_date as create_d2_0_, posts0_.modified_date as modified3_0_, posts0_.author as author4_0_, posts0_.content as content5_0_, posts0_.title as title6_0_ from posts posts0_
Hibernate: select posts0_.id as id1_0_, posts0_.create_date as create_d2_0_, posts0_.modified_date as modified3_0_, posts0_.author as author4_0_, posts0_.content as content5_0_, posts0_.title as title6_0_ from posts posts0_
Hibernate: delete from posts where id=?
2020-06-12 09:56:39.323  INFO 19156 --- [    Test worker] o.a.c.c.C.[Tomcat].[localhost].[/]       : Initializing Spring TestDispatcherServlet ''
2020-06-12 09:56:39.323  INFO 19156 --- [    Test worker] o.s.t.web.servlet.TestDispatcherServlet  : Initializing Servlet ''
2020-06-12 09:56:39.331  INFO 19156 --- [    Test worker] o.s.t.web.servlet.TestDispatcherServlet  : Completed initialization in 8 ms
Hibernate: insert into posts (create_date, modified_date, author, content, title) values (?, ?, ?, ?, ?)
Hibernate: select posts0_.id as id1_0_0_, posts0_.create_date as create_d2_0_0_, posts0_.modified_date as modified3_0_0_, posts0_.author as author4_0_0_, posts0_.content as content5_0_0_, posts0_.title as title6_0_0_ from posts posts0_ where posts0_.id=?
Hibernate: update posts set create_date=?, modified_date=?, author=?, content=?, title=? where id=?
Hibernate: select posts0_.id as id1_0_, posts0_.create_date as create_d2_0_, posts0_.modified_date as modified3_0_, posts0_.author as author4_0_, posts0_.content as content5_0_, posts0_.title as title6_0_ from posts posts0_
Hibernate: select posts0_.id as id1_0_, posts0_.create_date as create_d2_0_, posts0_.modified_date as modified3_0_, posts0_.author as author4_0_, posts0_.content as content5_0_, posts0_.title as title6_0_ from posts posts0_
Hibernate: delete from posts where id=?
]]></system-out>
  <system-err><![CDATA[]]></system-err>
</testsuite>
