<?xml version="1.0" encoding="UTF-8"?>
<testsuite name="com.may.seonhwa.web.HelloControllerTest" tests="2" skipped="0" failures="0" errors="0" timestamp="2020-06-08T06:40:23" hostname="DESKTOP-VBJOSMS" time="0.651">
  <properties/>
  <testcase name="hello가_리턴된다" classname="com.may.seonhwa.web.HelloControllerTest" time="0.52"/>
  <testcase name="helloDto가_리턴된다" classname="com.may.seonhwa.web.HelloControllerTest" time="0.13"/>
  <system-out><![CDATA[15:40:17.174 [Test worker] DEBUG org.springframework.test.context.junit4.SpringJUnit4ClassRunner - SpringJUnit4ClassRunner constructor called with [class com.may.seonhwa.web.HelloControllerTest]
15:40:17.185 [Test worker] DEBUG org.springframework.test.context.BootstrapUtils - Instantiating CacheAwareContextLoaderDelegate from class [org.springframework.test.context.cache.DefaultCacheAwareContextLoaderDelegate]
15:40:17.199 [Test worker] DEBUG org.springframework.test.context.BootstrapUtils - Instantiating BootstrapContext using constructor [public org.springframework.test.context.support.DefaultBootstrapContext(java.lang.Class,org.springframework.test.context.CacheAwareContextLoaderDelegate)]
15:40:17.227 [Test worker] DEBUG org.springframework.test.context.BootstrapUtils - Instantiating TestContextBootstrapper for test class [com.may.seonhwa.web.HelloControllerTest] from class [org.springframework.boot.test.autoconfigure.web.servlet.WebMvcTestContextBootstrapper]
15:40:17.253 [Test worker] INFO org.springframework.boot.test.autoconfigure.web.servlet.WebMvcTestContextBootstrapper - Neither @ContextConfiguration nor @ContextHierarchy found for test class [com.may.seonhwa.web.HelloControllerTest], using SpringBootContextLoader
15:40:17.257 [Test worker] DEBUG org.springframework.test.context.support.AbstractContextLoader - Did not detect default resource location for test class [com.may.seonhwa.web.HelloControllerTest]: class path resource [com/may/seonhwa/web/HelloControllerTest-context.xml] does not exist
15:40:17.258 [Test worker] DEBUG org.springframework.test.context.support.AbstractContextLoader - Did not detect default resource location for test class [com.may.seonhwa.web.HelloControllerTest]: class path resource [com/may/seonhwa/web/HelloControllerTestContext.groovy] does not exist
15:40:17.258 [Test worker] INFO org.springframework.test.context.support.AbstractContextLoader - Could not detect default resource locations for test class [com.may.seonhwa.web.HelloControllerTest]: no resource found for suffixes {-context.xml, Context.groovy}.
15:40:17.259 [Test worker] INFO org.springframework.test.context.support.AnnotationConfigContextLoaderUtils - Could not detect default configuration classes for test class [com.may.seonhwa.web.HelloControllerTest]: HelloControllerTest does not declare any static, non-private, non-final, nested classes annotated with @Configuration.
15:40:17.363 [Test worker] DEBUG org.springframework.test.context.support.ActiveProfilesUtils - Could not find an 'annotation declaring class' for annotation type [org.springframework.test.context.ActiveProfiles] and class [com.may.seonhwa.web.HelloControllerTest]
15:40:17.474 [Test worker] DEBUG org.springframework.context.annotation.ClassPathScanningCandidateComponentProvider - Identified candidate component class: file [C:\WORK\study\workspace\freelec-springboot2-webservice\build\classes\java\main\com\may\seonhwa\Application.class]
15:40:17.483 [Test worker] INFO org.springframework.boot.test.context.SpringBootTestContextBootstrapper - Found @SpringBootConfiguration com.may.seonhwa.Application for test class com.may.seonhwa.web.HelloControllerTest
15:40:17.486 [Test worker] DEBUG org.springframework.boot.test.autoconfigure.web.servlet.WebMvcTestContextBootstrapper - @TestExecutionListeners is not present for class [com.may.seonhwa.web.HelloControllerTest]: using defaults.
15:40:17.487 [Test worker] INFO org.springframework.boot.test.autoconfigure.web.servlet.WebMvcTestContextBootstrapper - Loaded default TestExecutionListener class names from location [META-INF/spring.factories]: [org.springframework.security.test.context.support.WithSecurityContextTestExecutionListener, org.springframework.security.test.context.support.ReactorContextTestExecutionListener, org.springframework.boot.test.autoconfigure.restdocs.RestDocsTestExecutionListener, org.springframework.boot.test.autoconfigure.web.client.MockRestServiceServerResetTestExecutionListener, org.springframework.boot.test.autoconfigure.web.servlet.MockMvcPrintOnlyOnFailureTestExecutionListener, org.springframework.boot.test.autoconfigure.web.servlet.WebDriverTestExecutionListener, org.springframework.boot.test.mock.mockito.MockitoTestExecutionListener, org.springframework.boot.test.mock.mockito.ResetMocksTestExecutionListener, org.springframework.test.context.web.ServletTestExecutionListener, org.springframework.test.context.support.DirtiesContextBeforeModesTestExecutionListener, org.springframework.test.context.support.DependencyInjectionTestExecutionListener, org.springframework.test.context.support.DirtiesContextTestExecutionListener, org.springframework.test.context.transaction.TransactionalTestExecutionListener, org.springframework.test.context.jdbc.SqlScriptsTestExecutionListener]
15:40:17.523 [Test worker] INFO org.springframework.boot.test.autoconfigure.web.servlet.WebMvcTestContextBootstrapper - Using TestExecutionListeners: [org.springframework.test.context.web.ServletTestExecutionListener@2925ca6f, org.springframework.test.context.support.DirtiesContextBeforeModesTestExecutionListener@113e9182, org.springframework.boot.test.mock.mockito.MockitoTestExecutionListener@5e7050fe, org.springframework.boot.test.autoconfigure.SpringBootDependencyInjectionTestExecutionListener@4c3897ea, org.springframework.test.context.support.DirtiesContextTestExecutionListener@4b494ab0, org.springframework.test.context.transaction.TransactionalTestExecutionListener@2e9e60da, org.springframework.test.context.jdbc.SqlScriptsTestExecutionListener@72352257, org.springframework.security.test.context.support.WithSecurityContextTestExecutionListener@7aba7c3c, org.springframework.security.test.context.support.ReactorContextTestExecutionListener@7b27b511, org.springframework.boot.test.autoconfigure.restdocs.RestDocsTestExecutionListener@26e2921f, org.springframework.boot.test.autoconfigure.web.client.MockRestServiceServerResetTestExecutionListener@7d9e2b0e, org.springframework.boot.test.autoconfigure.web.servlet.MockMvcPrintOnlyOnFailureTestExecutionListener@54ece31d, org.springframework.boot.test.autoconfigure.web.servlet.WebDriverTestExecutionListener@12255bac, org.springframework.boot.test.mock.mockito.ResetMocksTestExecutionListener@2065419d]
15:40:17.527 [Test worker] DEBUG org.springframework.test.annotation.ProfileValueUtils - Retrieved @ProfileValueSourceConfiguration [null] for test class [com.may.seonhwa.web.HelloControllerTest]
15:40:17.528 [Test worker] DEBUG org.springframework.test.annotation.ProfileValueUtils - Retrieved ProfileValueSource type [class org.springframework.test.annotation.SystemProfileValueSource] for class [com.may.seonhwa.web.HelloControllerTest]
15:40:17.529 [Test worker] DEBUG org.springframework.test.annotation.ProfileValueUtils - Retrieved @ProfileValueSourceConfiguration [null] for test class [com.may.seonhwa.web.HelloControllerTest]
15:40:17.529 [Test worker] DEBUG org.springframework.test.annotation.ProfileValueUtils - Retrieved ProfileValueSource type [class org.springframework.test.annotation.SystemProfileValueSource] for class [com.may.seonhwa.web.HelloControllerTest]
15:40:17.535 [Test worker] DEBUG org.springframework.test.context.support.AbstractDirtiesContextTestExecutionListener - Before test class: context [DefaultTestContext@6e4595e testClass = HelloControllerTest, testInstance = [null], testMethod = [null], testException = [null], mergedContextConfiguration = [WebMergedContextConfiguration@6b11497a testClass = HelloControllerTest, locations = '{}', classes = '{class com.may.seonhwa.Application}', contextInitializerClasses = '[]', activeProfiles = '{}', propertySourceLocations = '{}', propertySourceProperties = '{org.springframework.boot.test.autoconfigure.web.servlet.WebMvcTestContextBootstrapper=true}', contextCustomizers = set[org.springframework.boot.test.autoconfigure.OverrideAutoConfigurationContextCustomizerFactory$DisableAutoConfigurationContextCustomizer@4589e616, org.springframework.boot.test.autoconfigure.filter.TypeExcludeFiltersContextCustomizer@804e3638, org.springframework.boot.test.autoconfigure.properties.PropertyMappingContextCustomizer@1ce486, org.springframework.boot.test.autoconfigure.web.servlet.WebDriverContextCustomizerFactory$Customizer@679eef5e, [ImportsContextCustomizer@74a659dc key = [org.springframework.boot.autoconfigure.cache.CacheAutoConfiguration, org.springframework.boot.autoconfigure.context.MessageSourceAutoConfiguration, org.springframework.boot.autoconfigure.data.web.SpringDataWebAutoConfiguration, org.springframework.boot.autoconfigure.freemarker.FreeMarkerAutoConfiguration, org.springframework.boot.autoconfigure.groovy.template.GroovyTemplateAutoConfiguration, org.springframework.boot.autoconfigure.gson.GsonAutoConfiguration, org.springframework.boot.autoconfigure.hateoas.HypermediaAutoConfiguration, org.springframework.boot.autoconfigure.http.HttpMessageConvertersAutoConfiguration, org.springframework.boot.autoconfigure.jackson.JacksonAutoConfiguration, org.springframework.boot.autoconfigure.jsonb.JsonbAutoConfiguration, org.springframework.boot.autoconfigure.mustache.MustacheAutoConfiguration, org.springframework.boot.autoconfigure.task.TaskExecutionAutoConfiguration, org.springframework.boot.autoconfigure.thymeleaf.ThymeleafAutoConfiguration, org.springframework.boot.autoconfigure.validation.ValidationAutoConfiguration, org.springframework.boot.autoconfigure.web.servlet.error.ErrorMvcAutoConfiguration, org.springframework.boot.autoconfigure.web.servlet.WebMvcAutoConfiguration, org.springframework.boot.test.autoconfigure.web.servlet.MockMvcAutoConfiguration, org.springframework.boot.test.autoconfigure.web.servlet.MockMvcSecurityAutoConfiguration, org.springframework.boot.test.autoconfigure.web.servlet.MockMvcWebClientAutoConfiguration, org.springframework.boot.test.autoconfigure.web.servlet.MockMvcWebDriverAutoConfiguration]], org.springframework.boot.test.context.filter.ExcludeFilterContextCustomizer@24b42867, org.springframework.boot.test.json.DuplicateJsonObjectContextCustomizerFactory$DuplicateJsonObjectContextCustomizer@287b0339, org.springframework.boot.test.mock.mockito.MockitoContextCustomizer@0], resourceBasePath = 'src/main/webapp', contextLoader = 'org.springframework.boot.test.context.SpringBootContextLoader', parent = [null]], attributes = map[[empty]]], class annotated with @DirtiesContext [false] with mode [null].
15:40:17.536 [Test worker] DEBUG org.springframework.test.annotation.ProfileValueUtils - Retrieved @ProfileValueSourceConfiguration [null] for test class [com.may.seonhwa.web.HelloControllerTest]
15:40:17.537 [Test worker] DEBUG org.springframework.test.annotation.ProfileValueUtils - Retrieved ProfileValueSource type [class org.springframework.test.annotation.SystemProfileValueSource] for class [com.may.seonhwa.web.HelloControllerTest]
15:40:17.543 [Test worker] DEBUG org.springframework.test.context.support.DependencyInjectionTestExecutionListener - Performing dependency injection for test context [[DefaultTestContext@6e4595e testClass = HelloControllerTest, testInstance = com.may.seonhwa.web.HelloControllerTest@5d0d4ff2, testMethod = [null], testException = [null], mergedContextConfiguration = [WebMergedContextConfiguration@6b11497a testClass = HelloControllerTest, locations = '{}', classes = '{class com.may.seonhwa.Application}', contextInitializerClasses = '[]', activeProfiles = '{}', propertySourceLocations = '{}', propertySourceProperties = '{org.springframework.boot.test.autoconfigure.web.servlet.WebMvcTestContextBootstrapper=true}', contextCustomizers = set[org.springframework.boot.test.autoconfigure.OverrideAutoConfigurationContextCustomizerFactory$DisableAutoConfigurationContextCustomizer@4589e616, org.springframework.boot.test.autoconfigure.filter.TypeExcludeFiltersContextCustomizer@804e3638, org.springframework.boot.test.autoconfigure.properties.PropertyMappingContextCustomizer@1ce486, org.springframework.boot.test.autoconfigure.web.servlet.WebDriverContextCustomizerFactory$Customizer@679eef5e, [ImportsContextCustomizer@74a659dc key = [org.springframework.boot.autoconfigure.cache.CacheAutoConfiguration, org.springframework.boot.autoconfigure.context.MessageSourceAutoConfiguration, org.springframework.boot.autoconfigure.data.web.SpringDataWebAutoConfiguration, org.springframework.boot.autoconfigure.freemarker.FreeMarkerAutoConfiguration, org.springframework.boot.autoconfigure.groovy.template.GroovyTemplateAutoConfiguration, org.springframework.boot.autoconfigure.gson.GsonAutoConfiguration, org.springframework.boot.autoconfigure.hateoas.HypermediaAutoConfiguration, org.springframework.boot.autoconfigure.http.HttpMessageConvertersAutoConfiguration, org.springframework.boot.autoconfigure.jackson.JacksonAutoConfiguration, org.springframework.boot.autoconfigure.jsonb.JsonbAutoConfiguration, org.springframework.boot.autoconfigure.mustache.MustacheAutoConfiguration, org.springframework.boot.autoconfigure.task.TaskExecutionAutoConfiguration, org.springframework.boot.autoconfigure.thymeleaf.ThymeleafAutoConfiguration, org.springframework.boot.autoconfigure.validation.ValidationAutoConfiguration, org.springframework.boot.autoconfigure.web.servlet.error.ErrorMvcAutoConfiguration, org.springframework.boot.autoconfigure.web.servlet.WebMvcAutoConfiguration, org.springframework.boot.test.autoconfigure.web.servlet.MockMvcAutoConfiguration, org.springframework.boot.test.autoconfigure.web.servlet.MockMvcSecurityAutoConfiguration, org.springframework.boot.test.autoconfigure.web.servlet.MockMvcWebClientAutoConfiguration, org.springframework.boot.test.autoconfigure.web.servlet.MockMvcWebDriverAutoConfiguration]], org.springframework.boot.test.context.filter.ExcludeFilterContextCustomizer@24b42867, org.springframework.boot.test.json.DuplicateJsonObjectContextCustomizerFactory$DuplicateJsonObjectContextCustomizer@287b0339, org.springframework.boot.test.mock.mockito.MockitoContextCustomizer@0], resourceBasePath = 'src/main/webapp', contextLoader = 'org.springframework.boot.test.context.SpringBootContextLoader', parent = [null]], attributes = map[[empty]]]].
15:40:17.796 [Test worker] DEBUG org.springframework.test.context.support.TestPropertySourceUtils - Adding inlined properties to environment: {spring.jmx.enabled=false, org.springframework.boot.test.autoconfigure.web.servlet.WebMvcTestContextBootstrapper=true, server.port=-1}

  .   ____          _            __ _ _
 /\\ / ___'_ __ _ _(_)_ __  __ _ \ \ \ \
( ( )\___ | '_ | '_| | '_ \/ _` | \ \ \ \
 \\/  ___)| |_)| | | | | || (_| |  ) ) ) )
  '  |____| .__|_| |_|_| |_\__, | / / / /
 =========|_|==============|___/=/_/_/_/
 :: Spring Boot ::        (v2.1.9.RELEASE)

2020-06-08 15:40:18.434  INFO 18456 --- [    Test worker] com.may.seonhwa.web.HelloControllerTest  : Starting HelloControllerTest on DESKTOP-VBJOSMS with PID 18456 (started by SEONHWA in C:\WORK\study\workspace\freelec-springboot2-webservice)
2020-06-08 15:40:18.438  INFO 18456 --- [    Test worker] com.may.seonhwa.web.HelloControllerTest  : No active profile set, falling back to default profiles: default
2020-06-08 15:40:21.124  INFO 18456 --- [    Test worker] o.s.s.concurrent.ThreadPoolTaskExecutor  : Initializing ExecutorService 'applicationTaskExecutor'
2020-06-08 15:40:21.286  INFO 18456 --- [    Test worker] o.s.b.a.w.s.WelcomePageHandlerMapping    : Adding welcome page template: index
2020-06-08 15:40:23.085  INFO 18456 --- [    Test worker] .s.s.UserDetailsServiceAutoConfiguration : 

Using generated security password: c8fd3c02-917e-43fe-bf98-f9f65be89921

2020-06-08 15:40:23.642  INFO 18456 --- [    Test worker] o.s.s.web.DefaultSecurityFilterChain     : Creating filter chain: any request, [org.springframework.security.web.context.request.async.WebAsyncManagerIntegrationFilter@38970498, org.springframework.security.web.context.SecurityContextPersistenceFilter@1edf942d, org.springframework.security.web.header.HeaderWriterFilter@2dc80c21, org.springframework.security.web.csrf.CsrfFilter@38d81cde, org.springframework.security.web.authentication.logout.LogoutFilter@3f2cda07, org.springframework.security.web.authentication.UsernamePasswordAuthenticationFilter@41069d5b, org.springframework.security.web.authentication.ui.DefaultLoginPageGeneratingFilter@1b7bccf5, org.springframework.security.web.authentication.ui.DefaultLogoutPageGeneratingFilter@6cf87b72, org.springframework.security.web.authentication.www.BasicAuthenticationFilter@1717e94c, org.springframework.security.web.savedrequest.RequestCacheAwareFilter@547a9567, org.springframework.security.web.servletapi.SecurityContextHolderAwareRequestFilter@6f5c23f8, org.springframework.security.web.authentication.AnonymousAuthenticationFilter@3d0eaae0, org.springframework.security.web.session.SessionManagementFilter@24e6f32d, org.springframework.security.web.access.ExceptionTranslationFilter@1b164db4, org.springframework.security.web.access.intercept.FilterSecurityInterceptor@3a719cf4]
2020-06-08 15:40:23.727  INFO 18456 --- [    Test worker] o.s.b.t.m.w.SpringBootMockServletContext : Initializing Spring TestDispatcherServlet ''
2020-06-08 15:40:23.728  INFO 18456 --- [    Test worker] o.s.t.web.servlet.TestDispatcherServlet  : Initializing Servlet ''
2020-06-08 15:40:23.755  INFO 18456 --- [    Test worker] o.s.t.web.servlet.TestDispatcherServlet  : Completed initialization in 26 ms
2020-06-08 15:40:23.831  INFO 18456 --- [    Test worker] com.may.seonhwa.web.HelloControllerTest  : Started HelloControllerTest in 6.019 seconds (JVM running for 7.615)
]]></system-out>
  <system-err><![CDATA[]]></system-err>
</testsuite>
