<?xml version="1.0" encoding="UTF-8"?>
<testsuite name="com.may.seonhwa.domain.posts.PostsRepositoryTest" tests="2" skipped="0" failures="0" errors="0" timestamp="2020-06-12T00:56:28" hostname="DESKTOP-VBJOSMS" time="0.858">
  <properties/>
  <testcase name="게시글저장_불러오기" classname="com.may.seonhwa.domain.posts.PostsRepositoryTest" time="0.797"/>
  <testcase name="BaseTimeEntity_등록" classname="com.may.seonhwa.domain.posts.PostsRepositoryTest" time="0.06"/>
  <system-out><![CDATA[09:56:10.458 [Test worker] DEBUG org.springframework.test.context.junit4.SpringJUnit4ClassRunner - SpringJUnit4ClassRunner constructor called with [class com.may.seonhwa.domain.posts.PostsRepositoryTest]
09:56:10.471 [Test worker] DEBUG org.springframework.test.context.BootstrapUtils - Instantiating CacheAwareContextLoaderDelegate from class [org.springframework.test.context.cache.DefaultCacheAwareContextLoaderDelegate]
09:56:10.491 [Test worker] DEBUG org.springframework.test.context.BootstrapUtils - Instantiating BootstrapContext using constructor [public org.springframework.test.context.support.DefaultBootstrapContext(java.lang.Class,org.springframework.test.context.CacheAwareContextLoaderDelegate)]
09:56:10.530 [Test worker] DEBUG org.springframework.test.context.BootstrapUtils - Instantiating TestContextBootstrapper for test class [com.may.seonhwa.domain.posts.PostsRepositoryTest] from class [org.springframework.boot.test.context.SpringBootTestContextBootstrapper]
09:56:10.560 [Test worker] INFO org.springframework.boot.test.context.SpringBootTestContextBootstrapper - Neither @ContextConfiguration nor @ContextHierarchy found for test class [com.may.seonhwa.domain.posts.PostsRepositoryTest], using SpringBootContextLoader
09:56:10.565 [Test worker] DEBUG org.springframework.test.context.support.AbstractContextLoader - Did not detect default resource location for test class [com.may.seonhwa.domain.posts.PostsRepositoryTest]: class path resource [com/may/seonhwa/domain/posts/PostsRepositoryTest-context.xml] does not exist
09:56:10.566 [Test worker] DEBUG org.springframework.test.context.support.AbstractContextLoader - Did not detect default resource location for test class [com.may.seonhwa.domain.posts.PostsRepositoryTest]: class path resource [com/may/seonhwa/domain/posts/PostsRepositoryTestContext.groovy] does not exist
09:56:10.567 [Test worker] INFO org.springframework.test.context.support.AbstractContextLoader - Could not detect default resource locations for test class [com.may.seonhwa.domain.posts.PostsRepositoryTest]: no resource found for suffixes {-context.xml, Context.groovy}.
09:56:10.568 [Test worker] INFO org.springframework.test.context.support.AnnotationConfigContextLoaderUtils - Could not detect default configuration classes for test class [com.may.seonhwa.domain.posts.PostsRepositoryTest]: PostsRepositoryTest does not declare any static, non-private, non-final, nested classes annotated with @Configuration.
09:56:10.674 [Test worker] DEBUG org.springframework.test.context.support.ActiveProfilesUtils - Could not find an 'annotation declaring class' for annotation type [org.springframework.test.context.ActiveProfiles] and class [com.may.seonhwa.domain.posts.PostsRepositoryTest]
09:56:10.851 [Test worker] DEBUG org.springframework.context.annotation.ClassPathScanningCandidateComponentProvider - Identified candidate component class: file [C:\WORK\study\workspace\freelec-springboot2-webservice\build\classes\java\main\com\may\seonhwa\Application.class]
09:56:10.856 [Test worker] INFO org.springframework.boot.test.context.SpringBootTestContextBootstrapper - Found @SpringBootConfiguration com.may.seonhwa.Application for test class com.may.seonhwa.domain.posts.PostsRepositoryTest
09:56:11.259 [Test worker] DEBUG org.springframework.boot.test.context.SpringBootTestContextBootstrapper - @TestExecutionListeners is not present for class [com.may.seonhwa.domain.posts.PostsRepositoryTest]: using defaults.
09:56:11.264 [Test worker] INFO org.springframework.boot.test.context.SpringBootTestContextBootstrapper - Loaded default TestExecutionListener class names from location [META-INF/spring.factories]: [org.springframework.security.test.context.support.WithSecurityContextTestExecutionListener, org.springframework.security.test.context.support.ReactorContextTestExecutionListener, org.springframework.boot.test.autoconfigure.restdocs.RestDocsTestExecutionListener, org.springframework.boot.test.autoconfigure.web.client.MockRestServiceServerResetTestExecutionListener, org.springframework.boot.test.autoconfigure.web.servlet.MockMvcPrintOnlyOnFailureTestExecutionListener, org.springframework.boot.test.autoconfigure.web.servlet.WebDriverTestExecutionListener, org.springframework.boot.test.mock.mockito.MockitoTestExecutionListener, org.springframework.boot.test.mock.mockito.ResetMocksTestExecutionListener, org.springframework.test.context.web.ServletTestExecutionListener, org.springframework.test.context.support.DirtiesContextBeforeModesTestExecutionListener, org.springframework.test.context.support.DependencyInjectionTestExecutionListener, org.springframework.test.context.support.DirtiesContextTestExecutionListener, org.springframework.test.context.transaction.TransactionalTestExecutionListener, org.springframework.test.context.jdbc.SqlScriptsTestExecutionListener]
09:56:11.325 [Test worker] INFO org.springframework.boot.test.context.SpringBootTestContextBootstrapper - Using TestExecutionListeners: [org.springframework.test.context.web.ServletTestExecutionListener@2c43fcb4, org.springframework.test.context.support.DirtiesContextBeforeModesTestExecutionListener@5fc881ca, org.springframework.boot.test.mock.mockito.MockitoTestExecutionListener@5ce39ad0, org.springframework.boot.test.autoconfigure.SpringBootDependencyInjectionTestExecutionListener@773e5075, org.springframework.test.context.support.DirtiesContextTestExecutionListener@44aba47a, org.springframework.test.context.transaction.TransactionalTestExecutionListener@5f76bbf4, org.springframework.test.context.jdbc.SqlScriptsTestExecutionListener@1f039fd0, org.springframework.security.test.context.support.WithSecurityContextTestExecutionListener@1a3bd9bd, org.springframework.security.test.context.support.ReactorContextTestExecutionListener@3aa36f4, org.springframework.boot.test.autoconfigure.restdocs.RestDocsTestExecutionListener@69e9946e, org.springframework.boot.test.autoconfigure.web.client.MockRestServiceServerResetTestExecutionListener@6a177b9c, org.springframework.boot.test.autoconfigure.web.servlet.MockMvcPrintOnlyOnFailureTestExecutionListener@2ea5b152, org.springframework.boot.test.autoconfigure.web.servlet.WebDriverTestExecutionListener@7c6a3fe4, org.springframework.boot.test.mock.mockito.ResetMocksTestExecutionListener@59058ee3]
09:56:11.331 [Test worker] DEBUG org.springframework.test.annotation.ProfileValueUtils - Retrieved @ProfileValueSourceConfiguration [null] for test class [com.may.seonhwa.domain.posts.PostsRepositoryTest]
09:56:11.332 [Test worker] DEBUG org.springframework.test.annotation.ProfileValueUtils - Retrieved ProfileValueSource type [class org.springframework.test.annotation.SystemProfileValueSource] for class [com.may.seonhwa.domain.posts.PostsRepositoryTest]
09:56:11.340 [Test worker] DEBUG org.springframework.test.annotation.ProfileValueUtils - Retrieved @ProfileValueSourceConfiguration [null] for test class [com.may.seonhwa.domain.posts.PostsRepositoryTest]
09:56:11.340 [Test worker] DEBUG org.springframework.test.annotation.ProfileValueUtils - Retrieved ProfileValueSource type [class org.springframework.test.annotation.SystemProfileValueSource] for class [com.may.seonhwa.domain.posts.PostsRepositoryTest]
09:56:11.355 [Test worker] DEBUG org.springframework.test.context.support.AbstractDirtiesContextTestExecutionListener - Before test class: context [DefaultTestContext@5118a05b testClass = PostsRepositoryTest, testInstance = [null], testMethod = [null], testException = [null], mergedContextConfiguration = [WebMergedContextConfiguration@438f7988 testClass = PostsRepositoryTest, locations = '{}', classes = '{class com.may.seonhwa.Application}', contextInitializerClasses = '[]', activeProfiles = '{}', propertySourceLocations = '{}', propertySourceProperties = '{org.springframework.boot.test.context.SpringBootTestContextBootstrapper=true}', contextCustomizers = set[org.springframework.boot.test.autoconfigure.properties.PropertyMappingContextCustomizer@0, org.springframework.boot.test.autoconfigure.web.servlet.WebDriverContextCustomizerFactory$Customizer@34de6b11, org.springframework.boot.test.context.filter.ExcludeFilterContextCustomizer@ab22e43, org.springframework.boot.test.json.DuplicateJsonObjectContextCustomizerFactory$DuplicateJsonObjectContextCustomizer@32070888, org.springframework.boot.test.mock.mockito.MockitoContextCustomizer@0, org.springframework.boot.test.web.client.TestRestTemplateContextCustomizer@5a91092], resourceBasePath = 'src/main/webapp', contextLoader = 'org.springframework.boot.test.context.SpringBootContextLoader', parent = [null]], attributes = map['org.springframework.test.context.web.ServletTestExecutionListener.activateListener' -> true]], class annotated with @DirtiesContext [false] with mode [null].
09:56:11.357 [Test worker] DEBUG org.springframework.test.annotation.ProfileValueUtils - Retrieved @ProfileValueSourceConfiguration [null] for test class [com.may.seonhwa.domain.posts.PostsRepositoryTest]
09:56:11.357 [Test worker] DEBUG org.springframework.test.annotation.ProfileValueUtils - Retrieved ProfileValueSource type [class org.springframework.test.annotation.SystemProfileValueSource] for class [com.may.seonhwa.domain.posts.PostsRepositoryTest]
09:56:11.424 [Test worker] DEBUG org.springframework.test.context.support.TestPropertySourceUtils - Adding inlined properties to environment: {spring.jmx.enabled=false, org.springframework.boot.test.context.SpringBootTestContextBootstrapper=true, server.port=-1}

  .   ____          _            __ _ _
 /\\ / ___'_ __ _ _(_)_ __  __ _ \ \ \ \
( ( )\___ | '_ | '_| | '_ \/ _` | \ \ \ \
 \\/  ___)| |_)| | | | | || (_| |  ) ) ) )
  '  |____| .__|_| |_|_| |_\__, | / / / /
 =========|_|==============|___/=/_/_/_/
 :: Spring Boot ::        (v2.1.9.RELEASE)

2020-06-12 09:56:12.253  INFO 19156 --- [    Test worker] c.m.s.domain.posts.PostsRepositoryTest   : Starting PostsRepositoryTest on DESKTOP-VBJOSMS with PID 19156 (started by SEONHWA in C:\WORK\study\workspace\freelec-springboot2-webservice)
2020-06-12 09:56:12.254  INFO 19156 --- [    Test worker] c.m.s.domain.posts.PostsRepositoryTest   : No active profile set, falling back to default profiles: default
2020-06-12 09:56:14.955  INFO 19156 --- [    Test worker] .s.d.r.c.RepositoryConfigurationDelegate : Bootstrapping Spring Data repositories in DEFAULT mode.
2020-06-12 09:56:15.146  INFO 19156 --- [    Test worker] .s.d.r.c.RepositoryConfigurationDelegate : Finished Spring Data repository scanning in 173ms. Found 2 repository interfaces.
2020-06-12 09:56:16.360  INFO 19156 --- [    Test worker] trationDelegate$BeanPostProcessorChecker : Bean 'org.springframework.transaction.annotation.ProxyTransactionManagementConfiguration' of type [org.springframework.transaction.annotation.ProxyTransactionManagementConfiguration$$EnhancerBySpringCGLIB$$7da40492] is not eligible for getting processed by all BeanPostProcessors (for example: not eligible for auto-proxying)
2020-06-12 09:56:17.029  INFO 19156 --- [    Test worker] com.zaxxer.hikari.HikariDataSource       : HikariPool-1 - Starting...
2020-06-12 09:56:17.401  INFO 19156 --- [    Test worker] com.zaxxer.hikari.HikariDataSource       : HikariPool-1 - Start completed.
2020-06-12 09:56:17.681  INFO 19156 --- [    Test worker] o.hibernate.jpa.internal.util.LogHelper  : HHH000204: Processing PersistenceUnitInfo [
	name: default
	...]
2020-06-12 09:56:17.920  INFO 19156 --- [    Test worker] org.hibernate.Version                    : HHH000412: Hibernate Core {5.3.12.Final}
2020-06-12 09:56:17.926  INFO 19156 --- [    Test worker] org.hibernate.cfg.Environment            : HHH000206: hibernate.properties not found
2020-06-12 09:56:18.392  INFO 19156 --- [    Test worker] o.hibernate.annotations.common.Version   : HCANN000001: Hibernate Commons Annotations {5.0.4.Final}
2020-06-12 09:56:19.820  INFO 19156 --- [    Test worker] org.hibernate.dialect.Dialect            : HHH000400: Using dialect: org.hibernate.dialect.MySQL5InnoDBDialect
Hibernate: drop table if exists posts
Hibernate: drop table if exists user
Hibernate: create table posts (id bigint not null auto_increment, create_date datetime, modified_date datetime, author varchar(255), content TEXT not null, title varchar(500) not null, primary key (id)) engine=InnoDB
Hibernate: create table user (id bigint not null auto_increment, create_date datetime, modified_date datetime, email varchar(255) not null, name varchar(255) not null, picture varchar(255), role varchar(255) not null, primary key (id)) engine=InnoDB
2020-06-12 09:56:21.463  INFO 19156 --- [    Test worker] o.h.t.schema.internal.SchemaCreatorImpl  : HHH000476: Executing import script 'org.hibernate.tool.schema.internal.exec.ScriptSourceInputNonExistentImpl@6e271626'
2020-06-12 09:56:21.469  INFO 19156 --- [    Test worker] j.LocalContainerEntityManagerFactoryBean : Initialized JPA EntityManagerFactory for persistence unit 'default'
2020-06-12 09:56:23.040  INFO 19156 --- [    Test worker] o.h.h.i.QueryTranslatorFactoryInitiator  : HHH000397: Using ASTQueryTranslatorFactory
2020-06-12 09:56:24.838  INFO 19156 --- [    Test worker] o.s.s.web.DefaultSecurityFilterChain     : Creating filter chain: any request, [org.springframework.security.web.context.request.async.WebAsyncManagerIntegrationFilter@19c8e9e1, org.springframework.security.web.context.SecurityContextPersistenceFilter@6d9307fb, org.springframework.security.web.header.HeaderWriterFilter@201926e1, org.springframework.security.web.authentication.logout.LogoutFilter@402f6507, org.springframework.security.oauth2.client.web.OAuth2AuthorizationRequestRedirectFilter@1883bf7a, org.springframework.security.oauth2.client.web.OAuth2LoginAuthenticationFilter@36cffbee, org.springframework.security.web.authentication.UsernamePasswordAuthenticationFilter@779cc573, org.springframework.security.web.authentication.ui.DefaultLoginPageGeneratingFilter@63e4e222, org.springframework.security.web.authentication.ui.DefaultLogoutPageGeneratingFilter@26d03f60, org.springframework.security.web.authentication.www.BasicAuthenticationFilter@34496313, org.springframework.security.web.savedrequest.RequestCacheAwareFilter@67dece53, org.springframework.security.web.servletapi.SecurityContextHolderAwareRequestFilter@5067fdf2, org.springframework.security.web.authentication.AnonymousAuthenticationFilter@7b80983b, org.springframework.security.web.session.SessionManagementFilter@1d70d995, org.springframework.security.web.access.ExceptionTranslationFilter@72481c3f, org.springframework.security.web.access.intercept.FilterSecurityInterceptor@27b49fef]
2020-06-12 09:56:26.244  INFO 19156 --- [    Test worker] o.s.s.concurrent.ThreadPoolTaskExecutor  : Initializing ExecutorService 'applicationTaskExecutor'
2020-06-12 09:56:26.374  WARN 19156 --- [    Test worker] aWebConfiguration$JpaWebMvcConfiguration : spring.jpa.open-in-view is enabled by default. Therefore, database queries may be performed during view rendering. Explicitly configure spring.jpa.open-in-view to disable this warning
2020-06-12 09:56:26.501  INFO 19156 --- [    Test worker] o.s.b.a.w.s.WelcomePageHandlerMapping    : Adding welcome page template: index
2020-06-12 09:56:27.978  INFO 19156 --- [    Test worker] s.a.ScheduledAnnotationBeanPostProcessor : No TaskScheduler/ScheduledExecutorService bean found for scheduled processing
2020-06-12 09:56:28.010  INFO 19156 --- [    Test worker] c.m.s.domain.posts.PostsRepositoryTest   : Started PostsRepositoryTest in 16.56 seconds (JVM running for 18.963)
Hibernate: insert into posts (create_date, modified_date, author, content, title) values (?, ?, ?, ?, ?)
Hibernate: select posts0_.id as id1_0_, posts0_.create_date as create_d2_0_, posts0_.modified_date as modified3_0_, posts0_.author as author4_0_, posts0_.content as content5_0_, posts0_.title as title6_0_ from posts posts0_
Hibernate: select posts0_.id as id1_0_, posts0_.create_date as create_d2_0_, posts0_.modified_date as modified3_0_, posts0_.author as author4_0_, posts0_.content as content5_0_, posts0_.title as title6_0_ from posts posts0_
Hibernate: delete from posts where id=?
Hibernate: insert into posts (create_date, modified_date, author, content, title) values (?, ?, ?, ?, ?)
Hibernate: select posts0_.id as id1_0_, posts0_.create_date as create_d2_0_, posts0_.modified_date as modified3_0_, posts0_.author as author4_0_, posts0_.content as content5_0_, posts0_.title as title6_0_ from posts posts0_
>>>>>>>>>> createdDate2020-06-12T09:56:28.871
>>>>>>>>>> moditiedDate2020-06-12T09:56:28.871
Hibernate: select posts0_.id as id1_0_, posts0_.create_date as create_d2_0_, posts0_.modified_date as modified3_0_, posts0_.author as author4_0_, posts0_.content as content5_0_, posts0_.title as title6_0_ from posts posts0_
Hibernate: delete from posts where id=?
]]></system-out>
  <system-err><![CDATA[]]></system-err>
</testsuite>
