<?xml version="1.0" encoding="UTF-8"?>
<testsuite name="com.may.seonhwa.web.PostsApiControllerTest" tests="2" skipped="0" failures="0" errors="0" timestamp="2020-06-08T06:40:37" hostname="DESKTOP-VBJOSMS" time="0.241">
  <properties/>
  <testcase name="Posts_등록된다" classname="com.may.seonhwa.web.PostsApiControllerTest" time="0.183"/>
  <testcase name="Posts_수정된다" classname="com.may.seonhwa.web.PostsApiControllerTest" time="0.056"/>
  <system-out><![CDATA[2020-06-08 15:40:37.591  INFO 18456 --- [    Test worker] .b.t.c.SpringBootTestContextBootstrapper : Neither @ContextConfiguration nor @ContextHierarchy found for test class [com.may.seonhwa.web.PostsApiControllerTest], using SpringBootContextLoader
2020-06-08 15:40:37.592  INFO 18456 --- [    Test worker] o.s.t.c.support.AbstractContextLoader    : Could not detect default resource locations for test class [com.may.seonhwa.web.PostsApiControllerTest]: no resource found for suffixes {-context.xml, Context.groovy}.
2020-06-08 15:40:37.592  INFO 18456 --- [    Test worker] t.c.s.AnnotationConfigContextLoaderUtils : Could not detect default configuration classes for test class [com.may.seonhwa.web.PostsApiControllerTest]: PostsApiControllerTest does not declare any static, non-private, non-final, nested classes annotated with @Configuration.
2020-06-08 15:40:37.595  INFO 18456 --- [    Test worker] .b.t.c.SpringBootTestContextBootstrapper : Found @SpringBootConfiguration com.may.seonhwa.Application for test class com.may.seonhwa.web.PostsApiControllerTest
2020-06-08 15:40:37.597  INFO 18456 --- [    Test worker] .b.t.c.SpringBootTestContextBootstrapper : Loaded default TestExecutionListener class names from location [META-INF/spring.factories]: [org.springframework.security.test.context.support.WithSecurityContextTestExecutionListener, org.springframework.security.test.context.support.ReactorContextTestExecutionListener, org.springframework.boot.test.autoconfigure.restdocs.RestDocsTestExecutionListener, org.springframework.boot.test.autoconfigure.web.client.MockRestServiceServerResetTestExecutionListener, org.springframework.boot.test.autoconfigure.web.servlet.MockMvcPrintOnlyOnFailureTestExecutionListener, org.springframework.boot.test.autoconfigure.web.servlet.WebDriverTestExecutionListener, org.springframework.boot.test.mock.mockito.MockitoTestExecutionListener, org.springframework.boot.test.mock.mockito.ResetMocksTestExecutionListener, org.springframework.test.context.web.ServletTestExecutionListener, org.springframework.test.context.support.DirtiesContextBeforeModesTestExecutionListener, org.springframework.test.context.support.DependencyInjectionTestExecutionListener, org.springframework.test.context.support.DirtiesContextTestExecutionListener, org.springframework.test.context.transaction.TransactionalTestExecutionListener, org.springframework.test.context.jdbc.SqlScriptsTestExecutionListener]
2020-06-08 15:40:37.598  INFO 18456 --- [    Test worker] .b.t.c.SpringBootTestContextBootstrapper : Using TestExecutionListeners: [org.springframework.test.context.web.ServletTestExecutionListener@146a22bb, org.springframework.test.context.support.DirtiesContextBeforeModesTestExecutionListener@61f3ed12, org.springframework.boot.test.mock.mockito.MockitoTestExecutionListener@4b21b2f3, org.springframework.boot.test.autoconfigure.SpringBootDependencyInjectionTestExecutionListener@388282be, org.springframework.test.context.support.DirtiesContextTestExecutionListener@7db800ef, org.springframework.test.context.transaction.TransactionalTestExecutionListener@35de937, org.springframework.test.context.jdbc.SqlScriptsTestExecutionListener@45ad7585, org.springframework.security.test.context.support.WithSecurityContextTestExecutionListener@691698fc, org.springframework.security.test.context.support.ReactorContextTestExecutionListener@54145249, org.springframework.boot.test.autoconfigure.restdocs.RestDocsTestExecutionListener@38ec0dad, org.springframework.boot.test.autoconfigure.web.client.MockRestServiceServerResetTestExecutionListener@16c35668, org.springframework.boot.test.autoconfigure.web.servlet.MockMvcPrintOnlyOnFailureTestExecutionListener@4bcffd34, org.springframework.boot.test.autoconfigure.web.servlet.WebDriverTestExecutionListener@3d3f781e, org.springframework.boot.test.mock.mockito.ResetMocksTestExecutionListener@65e68b71]
2020-06-08 15:40:37.615  INFO 18456 --- [    Test worker] o.a.c.c.C.[Tomcat].[localhost].[/]       : Initializing Spring TestDispatcherServlet ''
2020-06-08 15:40:37.615  INFO 18456 --- [    Test worker] o.s.t.web.servlet.TestDispatcherServlet  : Initializing Servlet ''
2020-06-08 15:40:37.620  INFO 18456 --- [    Test worker] o.s.t.web.servlet.TestDispatcherServlet  : Completed initialization in 5 ms
Hibernate: insert into posts (create_date, modified_date, author, content, title) values (?, ?, ?, ?, ?)
Hibernate: select posts0_.id as id1_0_, posts0_.create_date as create_d2_0_, posts0_.modified_date as modified3_0_, posts0_.author as author4_0_, posts0_.content as content5_0_, posts0_.title as title6_0_ from posts posts0_
Hibernate: select posts0_.id as id1_0_, posts0_.create_date as create_d2_0_, posts0_.modified_date as modified3_0_, posts0_.author as author4_0_, posts0_.content as content5_0_, posts0_.title as title6_0_ from posts posts0_
Hibernate: delete from posts where id=?
2020-06-08 15:40:37.794  INFO 18456 --- [    Test worker] o.a.c.c.C.[Tomcat].[localhost].[/]       : Initializing Spring TestDispatcherServlet ''
2020-06-08 15:40:37.795  INFO 18456 --- [    Test worker] o.s.t.web.servlet.TestDispatcherServlet  : Initializing Servlet ''
2020-06-08 15:40:37.799  INFO 18456 --- [    Test worker] o.s.t.web.servlet.TestDispatcherServlet  : Completed initialization in 3 ms
Hibernate: insert into posts (create_date, modified_date, author, content, title) values (?, ?, ?, ?, ?)
Hibernate: select posts0_.id as id1_0_0_, posts0_.create_date as create_d2_0_0_, posts0_.modified_date as modified3_0_0_, posts0_.author as author4_0_0_, posts0_.content as content5_0_0_, posts0_.title as title6_0_0_ from posts posts0_ where posts0_.id=?
Hibernate: update posts set create_date=?, modified_date=?, author=?, content=?, title=? where id=?
Hibernate: select posts0_.id as id1_0_, posts0_.create_date as create_d2_0_, posts0_.modified_date as modified3_0_, posts0_.author as author4_0_, posts0_.content as content5_0_, posts0_.title as title6_0_ from posts posts0_
Hibernate: select posts0_.id as id1_0_, posts0_.create_date as create_d2_0_, posts0_.modified_date as modified3_0_, posts0_.author as author4_0_, posts0_.content as content5_0_, posts0_.title as title6_0_ from posts posts0_
Hibernate: delete from posts where id=?
]]></system-out>
  <system-err><![CDATA[]]></system-err>
</testsuite>
