<?xml version="1.0" encoding="UTF-8"?>
<testsuite name="com.may.seonhwa.web.HelloControllerTest" tests="2" skipped="0" failures="0" errors="0" timestamp="2020-06-12T00:56:31" hostname="DESKTOP-VBJOSMS" time="0.362">
  <properties/>
  <testcase name="hello가_리턴된다" classname="com.may.seonhwa.web.HelloControllerTest" time="0.168"/>
  <testcase name="helloDto가_리턴된다" classname="com.may.seonhwa.web.HelloControllerTest" time="0.193"/>
  <system-out><![CDATA[2020-06-12 09:56:28.970  INFO 19156 --- [    Test worker] .b.t.a.w.s.WebMvcTestContextBootstrapper : Neither @ContextConfiguration nor @ContextHierarchy found for test class [com.may.seonhwa.web.HelloControllerTest], using SpringBootContextLoader
2020-06-12 09:56:28.971  INFO 19156 --- [    Test worker] o.s.t.c.support.AbstractContextLoader    : Could not detect default resource locations for test class [com.may.seonhwa.web.HelloControllerTest]: no resource found for suffixes {-context.xml, Context.groovy}.
2020-06-12 09:56:28.971  INFO 19156 --- [    Test worker] t.c.s.AnnotationConfigContextLoaderUtils : Could not detect default configuration classes for test class [com.may.seonhwa.web.HelloControllerTest]: HelloControllerTest does not declare any static, non-private, non-final, nested classes annotated with @Configuration.
2020-06-12 09:56:29.092  INFO 19156 --- [    Test worker] .b.t.c.SpringBootTestContextBootstrapper : Found @SpringBootConfiguration com.may.seonhwa.Application for test class com.may.seonhwa.web.HelloControllerTest
2020-06-12 09:56:29.101  INFO 19156 --- [    Test worker] .b.t.a.w.s.WebMvcTestContextBootstrapper : Loaded default TestExecutionListener class names from location [META-INF/spring.factories]: [org.springframework.security.test.context.support.WithSecurityContextTestExecutionListener, org.springframework.security.test.context.support.ReactorContextTestExecutionListener, org.springframework.boot.test.autoconfigure.restdocs.RestDocsTestExecutionListener, org.springframework.boot.test.autoconfigure.web.client.MockRestServiceServerResetTestExecutionListener, org.springframework.boot.test.autoconfigure.web.servlet.MockMvcPrintOnlyOnFailureTestExecutionListener, org.springframework.boot.test.autoconfigure.web.servlet.WebDriverTestExecutionListener, org.springframework.boot.test.mock.mockito.MockitoTestExecutionListener, org.springframework.boot.test.mock.mockito.ResetMocksTestExecutionListener, org.springframework.test.context.web.ServletTestExecutionListener, org.springframework.test.context.support.DirtiesContextBeforeModesTestExecutionListener, org.springframework.test.context.support.DependencyInjectionTestExecutionListener, org.springframework.test.context.support.DirtiesContextTestExecutionListener, org.springframework.test.context.transaction.TransactionalTestExecutionListener, org.springframework.test.context.jdbc.SqlScriptsTestExecutionListener]
2020-06-12 09:56:29.110  INFO 19156 --- [    Test worker] .b.t.a.w.s.WebMvcTestContextBootstrapper : Using TestExecutionListeners: [org.springframework.test.context.web.ServletTestExecutionListener@540989d2, org.springframework.test.context.support.DirtiesContextBeforeModesTestExecutionListener@3b5000dc, org.springframework.boot.test.mock.mockito.MockitoTestExecutionListener@305026f4, org.springframework.boot.test.autoconfigure.SpringBootDependencyInjectionTestExecutionListener@6b5d3b54, org.springframework.test.context.support.DirtiesContextTestExecutionListener@738268f4, org.springframework.test.context.transaction.TransactionalTestExecutionListener@486fc0b8, org.springframework.test.context.jdbc.SqlScriptsTestExecutionListener@793928c7, org.springframework.security.test.context.support.WithSecurityContextTestExecutionListener@7b3c3b2f, org.springframework.security.test.context.support.ReactorContextTestExecutionListener@1b192974, org.springframework.boot.test.autoconfigure.restdocs.RestDocsTestExecutionListener@2d4540af, org.springframework.boot.test.autoconfigure.web.client.MockRestServiceServerResetTestExecutionListener@1d8a2ad0, org.springframework.boot.test.autoconfigure.web.servlet.MockMvcPrintOnlyOnFailureTestExecutionListener@7759f0d, org.springframework.boot.test.autoconfigure.web.servlet.WebDriverTestExecutionListener@55f5541e, org.springframework.boot.test.mock.mockito.ResetMocksTestExecutionListener@52b22637]

  .   ____          _            __ _ _
 /\\ / ___'_ __ _ _(_)_ __  __ _ \ \ \ \
( ( )\___ | '_ | '_| | '_ \/ _` | \ \ \ \
 \\/  ___)| |_)| | | | | || (_| |  ) ) ) )
  '  |____| .__|_| |_|_| |_\__, | / / / /
 =========|_|==============|___/=/_/_/_/
 :: Spring Boot ::        (v2.1.9.RELEASE)

2020-06-12 09:56:29.271  INFO 19156 --- [    Test worker] com.may.seonhwa.web.HelloControllerTest  : Starting HelloControllerTest on DESKTOP-VBJOSMS with PID 19156 (started by SEONHWA in C:\WORK\study\workspace\freelec-springboot2-webservice)
2020-06-12 09:56:29.276  INFO 19156 --- [    Test worker] com.may.seonhwa.web.HelloControllerTest  : No active profile set, falling back to default profiles: default
2020-06-12 09:56:30.445  INFO 19156 --- [    Test worker] o.s.s.concurrent.ThreadPoolTaskExecutor  : Initializing ExecutorService 'applicationTaskExecutor'
2020-06-12 09:56:30.579  INFO 19156 --- [    Test worker] o.s.b.a.w.s.WelcomePageHandlerMapping    : Adding welcome page template: index
2020-06-12 09:56:31.175  INFO 19156 --- [    Test worker] .s.s.UserDetailsServiceAutoConfiguration : 

Using generated security password: c3ce96de-8aa3-462d-a064-d307e96cc7e2

2020-06-12 09:56:31.624  INFO 19156 --- [    Test worker] o.s.s.web.DefaultSecurityFilterChain     : Creating filter chain: any request, [org.springframework.security.web.context.request.async.WebAsyncManagerIntegrationFilter@8087af0, org.springframework.security.web.context.SecurityContextPersistenceFilter@28e0f2d6, org.springframework.security.web.header.HeaderWriterFilter@6f98d102, org.springframework.security.web.csrf.CsrfFilter@802b6ca, org.springframework.security.web.authentication.logout.LogoutFilter@7251098e, org.springframework.security.web.authentication.UsernamePasswordAuthenticationFilter@1eb0aca0, org.springframework.security.web.authentication.ui.DefaultLoginPageGeneratingFilter@5d0836bb, org.springframework.security.web.authentication.ui.DefaultLogoutPageGeneratingFilter@1193a851, org.springframework.security.web.authentication.www.BasicAuthenticationFilter@501b1f64, org.springframework.security.web.savedrequest.RequestCacheAwareFilter@a88d3f4, org.springframework.security.web.servletapi.SecurityContextHolderAwareRequestFilter@23b11366, org.springframework.security.web.authentication.AnonymousAuthenticationFilter@a5dc36f, org.springframework.security.web.session.SessionManagementFilter@72b19edd, org.springframework.security.web.access.ExceptionTranslationFilter@41bc6ed0, org.springframework.security.web.access.intercept.FilterSecurityInterceptor@73cd49e1]
2020-06-12 09:56:31.738  INFO 19156 --- [    Test worker] o.s.b.t.m.w.SpringBootMockServletContext : Initializing Spring TestDispatcherServlet ''
2020-06-12 09:56:31.739  INFO 19156 --- [    Test worker] o.s.t.web.servlet.TestDispatcherServlet  : Initializing Servlet ''
2020-06-12 09:56:31.776  INFO 19156 --- [    Test worker] o.s.t.web.servlet.TestDispatcherServlet  : Completed initialization in 37 ms
2020-06-12 09:56:31.852  INFO 19156 --- [    Test worker] com.may.seonhwa.web.HelloControllerTest  : Started HelloControllerTest in 2.687 seconds (JVM running for 22.804)
]]></system-out>
  <system-err><![CDATA[]]></system-err>
</testsuite>
