<?xml version="1.0" encoding="UTF-8"?>
<testsuite name="com.may.seonhwa.web.dto.HelloResponseDtoTest" tests="1" skipped="0" failures="0" errors="0" timestamp="2020-06-12T00:56:28" hostname="DESKTOP-VBJOSMS" time="0.005">
  <properties/>
  <testcase name="룸복_기능_테스트" classname="com.may.seonhwa.web.dto.HelloResponseDtoTest" time="0.005"/>
  <system-out><![CDATA[]]></system-out>
  <system-err><![CDATA[]]></system-err>
</testsuite>
